0 verbose cli [
0 verbose cli   '/Users/vijendr/.nvm/versions/node/v17.3.0/bin/node',
0 verbose cli   '/Users/vijendr/.nvm/versions/node/v17.3.0/lib/node_modules/npm/bin/npm-cli.js',
0 verbose cli   'exec',
0 verbose cli   '--',
0 verbose cli   'hardhat',
0 verbose cli   'run',
0 verbose cli   'scripts/deploy.js',
0 verbose cli   '--network',
0 verbose cli   'ropsten'
0 verbose cli ]
1 info using npm@8.3.0
2 info using node@v17.3.0
3 timing npm:load:whichnode Completed in 1ms
4 timing config:load:defaults Completed in 1ms
5 timing config:load:file:/Users/vijendr/.nvm/versions/node/v17.3.0/lib/node_modules/npm/npmrc Completed in 1ms
6 timing config:load:builtin Completed in 1ms
7 timing config:load:cli Completed in 1ms
8 timing config:load:env Completed in 0ms
9 timing config:load:file:/Users/vijendr/Desktop/Project-Dumps/web3.0-blockchain-app/smart_contract/.npmrc Completed in 1ms
10 timing config:load:project Completed in 1ms
11 timing config:load:file:/Users/vijendr/.npmrc Completed in 0ms
12 timing config:load:user Completed in 0ms
13 timing config:load:file:/Users/vijendr/.nvm/versions/node/v17.3.0/etc/npmrc Completed in 2ms
14 timing config:load:global Completed in 2ms
15 timing config:load:validate Completed in 0ms
16 timing config:load:credentials Completed in 1ms
17 timing config:load:setEnvs Completed in 1ms
18 timing config:load Completed in 9ms
19 timing npm:load:configload Completed in 9ms
20 timing npm:load:setTitle Completed in 13ms
21 timing config:load:flatten Completed in 2ms
22 timing npm:load:display Completed in 3ms
23 verbose logfile /Users/vijendr/Desktop/Project-Dumps/web3.0-blockchain-app/client/C:tmpnodejsnpm-cache/_logs/2022-01-12T12_36_23_296Z-debug-0.log
24 timing npm:load:logFile Completed in 3ms
25 timing npm:load:timers Completed in 0ms
26 timing npm:load:configScope Completed in 0ms
27 timing npm:load Completed in 30ms
28 silly logfile start cleaning logs, removing 1 files
29 timing command:exec Completed in 18148ms
30 verbose exit 0
31 timing npm Completed in 18464ms
32 info ok
