0 verbose cli [
0 verbose cli   '/Users/vijendr/.nvm/versions/node/v17.3.0/bin/node',
0 verbose cli   '/Users/vijendr/.nvm/versions/node/v17.3.0/bin/npm',
0 verbose cli   'run',
0 verbose cli   'dev'
0 verbose cli ]
1 info using npm@8.3.0
2 info using node@v17.3.0
3 timing npm:load:whichnode Completed in 0ms
4 timing config:load:defaults Completed in 1ms
5 timing config:load:file:/Users/vijendr/.nvm/versions/node/v17.3.0/lib/node_modules/npm/npmrc Completed in 1ms
6 timing config:load:builtin Completed in 1ms
7 timing config:load:cli Completed in 2ms
8 timing config:load:env Completed in 0ms
9 timing config:load:file:/Users/vijendr/Desktop/Project-Dumps/web3.0-blockchain-app/client/.npmrc Completed in 0ms
10 timing config:load:project Completed in 1ms
11 timing config:load:file:/Users/vijendr/.npmrc Completed in 0ms
12 timing config:load:user Completed in 0ms
13 timing config:load:file:/Users/vijendr/.nvm/versions/node/v17.3.0/etc/npmrc Completed in 1ms
14 timing config:load:global Completed in 2ms
15 timing config:load:validate Completed in 0ms
16 timing config:load:credentials Completed in 1ms
17 timing config:load:setEnvs Completed in 1ms
18 timing config:load Completed in 10ms
19 timing npm:load:configload Completed in 10ms
20 timing npm:load:setTitle Completed in 14ms
21 timing config:load:flatten Completed in 3ms
22 timing npm:load:display Completed in 5ms
23 verbose logfile /Users/vijendr/Desktop/Project-Dumps/web3.0-blockchain-app/client/C:tmpnodejsnpm-cache/_logs/2022-01-12T12_38_02_007Z-debug-0.log
24 timing npm:load:logFile Completed in 4ms
25 timing npm:load:timers Completed in 0ms
26 timing npm:load:configScope Completed in 0ms
27 timing npm:load Completed in 33ms
28 silly logfile start cleaning logs, removing 1 files
