0 verbose cli [
0 verbose cli   '/Users/vijendr/.nvm/versions/node/v17.3.0/bin/node',
0 verbose cli   '/Users/vijendr/.nvm/versions/node/v17.3.0/bin/npm',
0 verbose cli   'run',
0 verbose cli   'build'
0 verbose cli ]
1 info using npm@8.3.0
2 info using node@v17.3.0
3 timing npm:load:whichnode Completed in 0ms
4 timing config:load:defaults Completed in 2ms
5 timing config:load:file:/Users/vijendr/.nvm/versions/node/v17.3.0/lib/node_modules/npm/npmrc Completed in 1ms
6 timing config:load:builtin Completed in 1ms
7 timing config:load:cli Completed in 2ms
8 timing config:load:env Completed in 0ms
9 timing config:load:project Completed in 2ms
10 timing config:load:file:/Users/vijendr/.npmrc Completed in 0ms
11 timing config:load:user Completed in 0ms
12 timing config:load:file:/Users/vijendr/.nvm/versions/node/v17.3.0/etc/npmrc Completed in 0ms
13 timing config:load:global Completed in 0ms
14 timing config:load:validate Completed in 1ms
15 timing config:load:credentials Completed in 1ms
16 timing config:load:setEnvs Completed in 0ms
17 timing config:load Completed in 10ms
18 timing npm:load:configload Completed in 10ms
19 timing npm:load:setTitle Completed in 13ms
20 timing config:load:flatten Completed in 2ms
21 timing npm:load:display Completed in 3ms
22 verbose logfile /Users/vijendr/Desktop/Project-Dumps/web3.0-blockchain-app/client/C:tmpnodejsnpm-cache/_logs/2022-01-14T13_39_53_752Z-debug-0.log
23 timing npm:load:logFile Completed in 4ms
24 timing npm:load:timers Completed in 0ms
25 timing npm:load:configScope Completed in 0ms
26 timing npm:load Completed in 30ms
27 timing command:run Completed in 67ms
28 verbose stack Error: Missing script: "build"
28 verbose stack
28 verbose stack To see a list of scripts, run:
28 verbose stack   npm run
28 verbose stack     at RunScript.run (/Users/vijendr/.nvm/versions/node/v17.3.0/lib/node_modules/npm/lib/commands/run-script.js:95:13)
28 verbose stack     at async module.exports (/Users/vijendr/.nvm/versions/node/v17.3.0/lib/node_modules/npm/lib/cli.js:66:5)
29 verbose cwd /Users/vijendr/Desktop/Project-Dumps/web3.0-blockchain-app
30 verbose Darwin 21.1.0
31 verbose argv "/Users/vijendr/.nvm/versions/node/v17.3.0/bin/node" "/Users/vijendr/.nvm/versions/node/v17.3.0/bin/npm" "run" "build"
32 verbose node v17.3.0
33 verbose npm  v8.3.0
34 error Missing script: "build"
34 error
34 error To see a list of scripts, run:
34 error   npm run
35 verbose exit 1
36 timing npm Completed in 205ms
37 verbose code 1
38 error A complete log of this run can be found in:
38 error     /Users/vijendr/Desktop/Project-Dumps/web3.0-blockchain-app/client/C:tmpnodejsnpm-cache/_logs/2022-01-14T13_39_53_752Z-debug-0.log
